[0m14:59:34.773937 [debug] [MainThread]: Sending event: {'category': 'dbt', 'action': 'invocation', 'label': 'start', 'context': [<snowplow_tracker.self_describing_json.SelfDescribingJson object at 0x0000019C289B2A20>, <snowplow_tracker.self_describing_json.SelfDescribingJson object at 0x0000019C287BE060>, <snowplow_tracker.self_describing_json.SelfDescribingJson object at 0x0000019C28176480>]}


============================== 14:59:34.793440 | 8a88bb87-9877-4d98-b594-f351f39f3e57 ==============================
[0m14:59:34.793440 [info ] [MainThread]: Running with dbt=1.8.6
[0m14:59:34.793440 [debug] [MainThread]: running dbt with arguments {'printer_width': '80', 'indirect_selection': 'eager', 'log_cache_events': 'False', 'write_json': 'True', 'partial_parse': 'True', 'cache_selected_only': 'False', 'profiles_dir': 'C:\\Users\\manuela.garcia\\.dbt', 'fail_fast': 'False', 'version_check': 'True', 'log_path': 'logs', 'debug': 'False', 'warn_error': 'None', 'use_colors': 'True', 'use_experimental_parser': 'False', 'empty': 'None', 'quiet': 'False', 'no_print': 'None', 'log_format': 'default', 'invocation_command': 'dbt init test', 'introspect': 'True', 'warn_error_options': 'WarnErrorOptions(include=[], exclude=[])', 'target_path': 'None', 'static_parser': 'True', 'send_anonymous_usage_stats': 'True'}
[0m14:59:34.840846 [warn ] [MainThread]: [ConfigFolderDirectory]: Unable to parse dict {'dir': WindowsPath('C:/Users/manuela.garcia/.dbt')}
[0m14:59:34.842008 [info ] [MainThread]: Creating dbt configuration folder at 
[0m14:59:34.847915 [debug] [MainThread]: Starter project path: C:\Users\manuela.garcia\OneDrive - civica-soft.com\Documentos\Proyectos\dbt-env\Lib\site-packages\dbt\include\starter_project
[0m14:59:34.942865 [info ] [MainThread]: 
Your new dbt project "test" was created!

For more information on how to configure the profiles.yml file,
please consult the dbt documentation here:

  https://docs.getdbt.com/docs/configure-your-profile

One more thing:

Need help? Don't hesitate to reach out to us via GitHub issues or on Slack:

  https://community.getdbt.com/

Happy modeling!

[0m14:59:34.945760 [info ] [MainThread]: Setting up your profile.
[0m08:17:06.834242 [debug] [MainThread]: Sending event: {'category': 'dbt', 'action': 'invocation', 'label': 'start', 'context': [<snowplow_tracker.self_describing_json.SelfDescribingJson object at 0x00000215CEE12CF0>, <snowplow_tracker.self_describing_json.SelfDescribingJson object at 0x00000215CE29ADE0>, <snowplow_tracker.self_describing_json.SelfDescribingJson object at 0x00000215CEA89A30>]}


============================== 08:17:06.845530 | adeeb49f-2dbf-4262-9c6e-ee3eb9722449 ==============================
[0m08:17:06.845530 [info ] [MainThread]: Running with dbt=1.8.6
[0m08:17:06.846613 [debug] [MainThread]: running dbt with arguments {'printer_width': '80', 'indirect_selection': 'eager', 'log_cache_events': 'False', 'write_json': 'True', 'partial_parse': 'True', 'cache_selected_only': 'False', 'warn_error': 'None', 'debug': 'False', 'fail_fast': 'False', 'log_path': 'logs', 'profiles_dir': 'C:\\Users\\manuela.garcia\\.dbt', 'version_check': 'True', 'use_colors': 'True', 'use_experimental_parser': 'False', 'no_print': 'None', 'quiet': 'False', 'empty': 'False', 'log_format': 'default', 'invocation_command': 'dbt run', 'static_parser': 'True', 'introspect': 'True', 'target_path': 'None', 'warn_error_options': 'WarnErrorOptions(include=[], exclude=[])', 'send_anonymous_usage_stats': 'True'}
[0m08:17:06.846613 [error] [MainThread]: Encountered an error:
Runtime Error
  No dbt_project.yml found at expected path C:\Users\manuela.garcia\OneDrive - civica-soft.com\Documentos\Proyectos\dbt_project.yml
  Verify that each entry within packages.yml (and their transitive dependencies) contains a file named dbt_project.yml
  
[0m08:17:06.848889 [debug] [MainThread]: Command `dbt run` failed at 08:17:06.847777 after 0.29 seconds
[0m08:17:06.848889 [debug] [MainThread]: Sending event: {'category': 'dbt', 'action': 'invocation', 'label': 'end', 'context': [<snowplow_tracker.self_describing_json.SelfDescribingJson object at 0x00000215CEC18140>, <snowplow_tracker.self_describing_json.SelfDescribingJson object at 0x00000215CEDC4E00>, <snowplow_tracker.self_describing_json.SelfDescribingJson object at 0x00000215CEE12CF0>]}
[0m08:17:06.848889 [debug] [MainThread]: Flushing usage events
[0m08:55:20.820327 [debug] [MainThread]: Sending event: {'category': 'dbt', 'action': 'invocation', 'label': 'start', 'context': [<snowplow_tracker.self_describing_json.SelfDescribingJson object at 0x0000017B99583170>, <snowplow_tracker.self_describing_json.SelfDescribingJson object at 0x0000017B995818E0>, <snowplow_tracker.self_describing_json.SelfDescribingJson object at 0x0000017B995831D0>]}


============================== 08:55:20.828355 | 2c95bee0-d11e-4184-a868-dd60dc7404b6 ==============================
[0m08:55:20.828355 [info ] [MainThread]: Running with dbt=1.8.6
[0m08:55:20.829345 [debug] [MainThread]: running dbt with arguments {'printer_width': '80', 'indirect_selection': 'eager', 'write_json': 'True', 'log_cache_events': 'False', 'partial_parse': 'True', 'cache_selected_only': 'False', 'profiles_dir': 'C:\\Users\\manuela.garcia\\.dbt', 'fail_fast': 'False', 'warn_error': 'None', 'log_path': 'logs', 'debug': 'False', 'version_check': 'True', 'use_colors': 'True', 'use_experimental_parser': 'False', 'no_print': 'None', 'quiet': 'False', 'empty': 'None', 'log_format': 'default', 'invocation_command': 'dbt debug', 'static_parser': 'True', 'introspect': 'True', 'target_path': 'None', 'warn_error_options': 'WarnErrorOptions(include=[], exclude=[])', 'send_anonymous_usage_stats': 'True'}
[0m08:55:20.889368 [info ] [MainThread]: dbt version: 1.8.6
[0m08:55:20.890365 [info ] [MainThread]: python version: 3.12.5
[0m08:55:20.890365 [info ] [MainThread]: python path: C:\Users\manuela.garcia\OneDrive - civica-soft.com\Documentos\Proyectos\dbt-env\scripts\python.exe
[0m08:55:20.891364 [info ] [MainThread]: os info: Windows-11-10.0.22631-SP0
[0m08:55:20.894572 [error] [MainThread]: Encountered an error:
Runtime Error
  Syntax error near line 2
  ------------------------------
  1  | my_snowflake_profile:  MANUELAGFAGGIANI # El nombre de tu perfil
  2  |   target: dev          # El target es el ambiente que estás utilizando (puedes tener varios)
  3  |   outputs:
  4  |     dev:
  5  |       type: snowflake
  
  Raw Error:
  ------------------------------
  while parsing a block mapping
    in "<unicode string>", line 1, column 1
  did not find expected key
    in "<unicode string>", line 2, column 3
[0m08:55:20.896584 [debug] [MainThread]: Command `dbt debug` failed at 08:55:20.896584 after 0.31 seconds
[0m08:55:20.897573 [debug] [MainThread]: Sending event: {'category': 'dbt', 'action': 'invocation', 'label': 'end', 'context': [<snowplow_tracker.self_describing_json.SelfDescribingJson object at 0x0000017B994AE960>, <snowplow_tracker.self_describing_json.SelfDescribingJson object at 0x0000017B995A5B80>, <snowplow_tracker.self_describing_json.SelfDescribingJson object at 0x0000017B996829F0>]}
[0m08:55:20.897573 [debug] [MainThread]: Flushing usage events
[0m09:01:31.592462 [debug] [MainThread]: Sending event: {'category': 'dbt', 'action': 'invocation', 'label': 'start', 'context': [<snowplow_tracker.self_describing_json.SelfDescribingJson object at 0x000001CAA7F1B860>, <snowplow_tracker.self_describing_json.SelfDescribingJson object at 0x000001CAA4AC8E90>, <snowplow_tracker.self_describing_json.SelfDescribingJson object at 0x000001CAA7AB7C50>]}


============================== 09:01:31.597450 | 118ef4b3-774b-4ba4-a8f0-e525a96d0bf5 ==============================
[0m09:01:31.597450 [info ] [MainThread]: Running with dbt=1.8.6
[0m09:01:31.598375 [debug] [MainThread]: running dbt with arguments {'printer_width': '80', 'indirect_selection': 'eager', 'log_cache_events': 'False', 'write_json': 'True', 'partial_parse': 'True', 'cache_selected_only': 'False', 'warn_error': 'None', 'debug': 'False', 'profiles_dir': 'C:\\Users\\manuela.garcia\\.dbt', 'log_path': 'logs', 'version_check': 'True', 'fail_fast': 'False', 'use_colors': 'True', 'use_experimental_parser': 'False', 'no_print': 'None', 'quiet': 'False', 'empty': 'None', 'log_format': 'default', 'introspect': 'True', 'warn_error_options': 'WarnErrorOptions(include=[], exclude=[])', 'static_parser': 'True', 'target_path': 'None', 'invocation_command': 'dbt debug', 'send_anonymous_usage_stats': 'True'}
[0m09:01:31.656233 [info ] [MainThread]: dbt version: 1.8.6
[0m09:01:31.656555 [info ] [MainThread]: python version: 3.12.5
[0m09:01:31.657574 [info ] [MainThread]: python path: C:\Users\manuela.garcia\OneDrive - civica-soft.com\Documentos\Proyectos\dbt-env\scripts\python.exe
[0m09:01:31.658606 [info ] [MainThread]: os info: Windows-11-10.0.22631-SP0
[0m09:01:49.119891 [info ] [MainThread]: Using profiles dir at C:\Users\manuela.garcia\.dbt
[0m09:01:49.119891 [info ] [MainThread]: Using profiles.yml file at C:\Users\manuela.garcia\.dbt\profiles.yml
[0m09:01:49.120892 [info ] [MainThread]: Using dbt_project.yml file at C:\Users\manuela.garcia\OneDrive - civica-soft.com\Documentos\Proyectos\dbt_project.yml
[0m09:01:49.128606 [info ] [MainThread]: adapter type: snowflake
[0m09:01:49.129283 [info ] [MainThread]: adapter version: 1.8.3
[0m09:01:49.130289 [info ] [MainThread]: Configuration:
[0m09:01:49.131289 [info ] [MainThread]:   profiles.yml file [[32mOK found and valid[0m]
[0m09:01:49.131289 [info ] [MainThread]:   dbt_project.yml file [[31mERROR not found[0m]
[0m09:01:49.132290 [info ] [MainThread]: Required dependencies:
[0m09:01:49.133289 [debug] [MainThread]: Executing "git --help"
[0m09:01:49.218784 [debug] [MainThread]: STDOUT: "b"usage: git [-v | --version] [-h | --help] [-C <path>] [-c <name>=<value>]\n           [--exec-path[=<path>]] [--html-path] [--man-path] [--info-path]\n           [-p | --paginate | -P | --no-pager] [--no-replace-objects] [--no-lazy-fetch]\n           [--no-optional-locks] [--no-advice] [--bare] [--git-dir=<path>]\n           [--work-tree=<path>] [--namespace=<name>] [--config-env=<name>=<envvar>]\n           <command> [<args>]\n\nThese are common Git commands used in various situations:\n\nstart a working area (see also: git help tutorial)\n   clone     Clone a repository into a new directory\n   init      Create an empty Git repository or reinitialize an existing one\n\nwork on the current change (see also: git help everyday)\n   add       Add file contents to the index\n   mv        Move or rename a file, a directory, or a symlink\n   restore   Restore working tree files\n   rm        Remove files from the working tree and from the index\n\nexamine the history and state (see also: git help revisions)\n   bisect    Use binary search to find the commit that introduced a bug\n   diff      Show changes between commits, commit and working tree, etc\n   grep      Print lines matching a pattern\n   log       Show commit logs\n   show      Show various types of objects\n   status    Show the working tree status\n\ngrow, mark and tweak your common history\n   branch    List, create, or delete branches\n   commit    Record changes to the repository\n   merge     Join two or more development histories together\n   rebase    Reapply commits on top of another base tip\n   reset     Reset current HEAD to the specified state\n   switch    Switch branches\n   tag       Create, list, delete or verify a tag object signed with GPG\n\ncollaborate (see also: git help workflows)\n   fetch     Download objects and refs from another repository\n   pull      Fetch from and integrate with another repository or a local branch\n   push      Update remote refs along with associated objects\n\n'git help -a' and 'git help -g' list available subcommands and some\nconcept guides. See 'git help <command>' or 'git help <concept>'\nto read about a specific subcommand or concept.\nSee 'git help git' for an overview of the system.\n""
[0m09:01:49.218784 [debug] [MainThread]: STDERR: "b''"
[0m09:01:49.219785 [info ] [MainThread]:  - git [[32mOK found[0m]

[0m09:01:49.220840 [info ] [MainThread]: Connection:
[0m09:01:49.221846 [info ] [MainThread]:   account: https://kv12230.eu-west-3.aws.snowflakecomputing.com
[0m09:01:49.221846 [info ] [MainThread]:   user: MANUELAGFAGGIANI
[0m09:01:49.222826 [info ] [MainThread]:   database: GARDEN_PLANTS
[0m09:01:49.222826 [info ] [MainThread]:   warehouse: COMPUTE_WH
[0m09:01:49.223856 [info ] [MainThread]:   role: SYSADMIN
[0m09:01:49.223856 [info ] [MainThread]:   schema: VEGGIES
[0m09:01:49.224902 [info ] [MainThread]:   authenticator: None
[0m09:01:49.224902 [info ] [MainThread]:   oauth_client_id: None
[0m09:01:49.225903 [info ] [MainThread]:   query_tag: None
[0m09:01:49.225903 [info ] [MainThread]:   client_session_keep_alive: False
[0m09:01:49.226918 [info ] [MainThread]:   host: None
[0m09:01:49.226918 [info ] [MainThread]:   port: None
[0m09:01:49.227898 [info ] [MainThread]:   proxy_host: None
[0m09:01:49.227898 [info ] [MainThread]:   proxy_port: None
[0m09:01:49.227898 [info ] [MainThread]:   protocol: None
[0m09:01:49.228945 [info ] [MainThread]:   connect_retries: 1
[0m09:01:49.228945 [info ] [MainThread]:   connect_timeout: None
[0m09:01:49.228945 [info ] [MainThread]:   retry_on_database_errors: False
[0m09:01:49.229946 [info ] [MainThread]:   retry_all: False
[0m09:01:49.229946 [info ] [MainThread]:   insecure_mode: False
[0m09:01:49.230900 [info ] [MainThread]:   reuse_connections: None
[0m09:01:49.231911 [info ] [MainThread]: Registered adapter: snowflake=1.8.3
[0m09:01:49.231911 [debug] [MainThread]: Acquiring new snowflake connection 'debug'
[0m09:01:49.232903 [debug] [MainThread]: Using snowflake connection "debug"
[0m09:01:49.232903 [debug] [MainThread]: On debug: select 1 as id
[0m09:01:49.232903 [debug] [MainThread]: Opening a new connection, currently in state init
[0m09:02:01.223344 [debug] [MainThread]: Snowflake adapter: Error running SQL: select 1 as id
[0m09:02:01.224364 [debug] [MainThread]: Snowflake adapter: Rolling back transaction.
[0m09:02:01.224364 [debug] [MainThread]: On debug: No close available on handle
[0m09:02:01.225265 [info ] [MainThread]:   Connection test: [[31mERROR[0m]

[0m09:02:01.226262 [info ] [MainThread]: [31m2 checks failed:[0m
[0m09:02:01.227268 [info ] [MainThread]: Project loading failed for the following reason:
 project path <C:\Users\manuela.garcia\OneDrive - civica-soft.com\Documentos\Proyectos\dbt_project.yml> not found

[0m09:02:01.227268 [info ] [MainThread]: dbt was unable to connect to the specified database.
The database returned the following error:

  >Database Error
  250001: Could not connect to Snowflake backend after 2 attempt(s).Aborting

Check your database credentials and try again. For more information, visit:
https://docs.getdbt.com/docs/configure-your-profile


[0m09:02:01.230270 [debug] [MainThread]: Command `dbt debug` failed at 09:02:01.229267 after 29.96 seconds
[0m09:02:01.230270 [debug] [MainThread]: Connection 'debug' was properly closed.
[0m09:02:01.230270 [debug] [MainThread]: Sending event: {'category': 'dbt', 'action': 'invocation', 'label': 'end', 'context': [<snowplow_tracker.self_describing_json.SelfDescribingJson object at 0x000001CAA81B89B0>, <snowplow_tracker.self_describing_json.SelfDescribingJson object at 0x000001CAA797D100>, <snowplow_tracker.self_describing_json.SelfDescribingJson object at 0x000001CAC0D2E900>]}
[0m09:02:01.231277 [debug] [MainThread]: Flushing usage events
[0m09:16:53.155439 [debug] [MainThread]: Sending event: {'category': 'dbt', 'action': 'invocation', 'label': 'start', 'context': [<snowplow_tracker.self_describing_json.SelfDescribingJson object at 0x000002B3DC7152E0>, <snowplow_tracker.self_describing_json.SelfDescribingJson object at 0x000002B3DC6A2A80>, <snowplow_tracker.self_describing_json.SelfDescribingJson object at 0x000002B3DC802F00>]}


============================== 09:16:53.171086 | 896f28e6-1e8a-49e3-b054-c5b0f2707d56 ==============================
[0m09:16:53.171086 [info ] [MainThread]: Running with dbt=1.8.6
[0m09:16:53.171086 [debug] [MainThread]: running dbt with arguments {'printer_width': '80', 'indirect_selection': 'eager', 'log_cache_events': 'False', 'write_json': 'True', 'partial_parse': 'True', 'cache_selected_only': 'False', 'profiles_dir': 'C:\\Users\\manuela.garcia\\.dbt', 'fail_fast': 'False', 'debug': 'False', 'log_path': 'logs', 'version_check': 'True', 'warn_error': 'None', 'use_colors': 'True', 'use_experimental_parser': 'False', 'empty': 'None', 'quiet': 'False', 'no_print': 'None', 'log_format': 'default', 'invocation_command': 'dbt init primer_proyecto', 'warn_error_options': 'WarnErrorOptions(include=[], exclude=[])', 'introspect': 'True', 'target_path': 'None', 'static_parser': 'True', 'send_anonymous_usage_stats': 'True'}
[0m09:16:53.252740 [debug] [MainThread]: Starter project path: C:\Users\manuela.garcia\OneDrive - civica-soft.com\Documentos\Proyectos\dbt-env\Lib\site-packages\dbt\include\starter_project
[0m09:16:53.370024 [info ] [MainThread]: 
Your new dbt project "primer_proyecto" was created!

For more information on how to configure the profiles.yml file,
please consult the dbt documentation here:

  https://docs.getdbt.com/docs/configure-your-profile

One more thing:

Need help? Don't hesitate to reach out to us via GitHub issues or on Slack:

  https://community.getdbt.com/

Happy modeling!

[0m09:16:53.385574 [info ] [MainThread]: Setting up your profile.
[0m09:22:49.760063 [debug] [MainThread]: Sending event: {'category': 'dbt', 'action': 'invocation', 'label': 'start', 'context': [<snowplow_tracker.self_describing_json.SelfDescribingJson object at 0x000001B73C023FB0>, <snowplow_tracker.self_describing_json.SelfDescribingJson object at 0x000001B73B5FC7A0>, <snowplow_tracker.self_describing_json.SelfDescribingJson object at 0x000001B739AD73E0>]}


============================== 09:22:49.762638 | ae44235f-2491-40df-8303-ffdf75561271 ==============================
[0m09:22:49.762638 [info ] [MainThread]: Running with dbt=1.8.6
[0m09:22:49.762638 [debug] [MainThread]: running dbt with arguments {'printer_width': '80', 'indirect_selection': 'eager', 'write_json': 'True', 'log_cache_events': 'False', 'partial_parse': 'True', 'cache_selected_only': 'False', 'warn_error': 'None', 'debug': 'False', 'version_check': 'True', 'log_path': 'logs', 'fail_fast': 'False', 'profiles_dir': 'C:\\Users\\manuela.garcia\\.dbt', 'use_colors': 'True', 'use_experimental_parser': 'False', 'empty': 'None', 'quiet': 'False', 'no_print': 'None', 'log_format': 'default', 'introspect': 'True', 'static_parser': 'True', 'invocation_command': 'dbt debug', 'target_path': 'None', 'warn_error_options': 'WarnErrorOptions(include=[], exclude=[])', 'send_anonymous_usage_stats': 'True'}
[0m09:22:49.814378 [info ] [MainThread]: dbt version: 1.8.6
[0m09:22:49.814378 [info ] [MainThread]: python version: 3.12.5
[0m09:22:49.814378 [info ] [MainThread]: python path: C:\Users\manuela.garcia\OneDrive - civica-soft.com\Documentos\Proyectos\dbt-env\scripts\python.exe
[0m09:22:49.814378 [info ] [MainThread]: os info: Windows-11-10.0.22631-SP0
[0m09:22:53.490005 [info ] [MainThread]: Using profiles dir at C:\Users\manuela.garcia\.dbt
[0m09:22:53.490005 [info ] [MainThread]: Using profiles.yml file at C:\Users\manuela.garcia\.dbt\profiles.yml
[0m09:22:53.490005 [info ] [MainThread]: Using dbt_project.yml file at C:\Users\manuela.garcia\OneDrive - civica-soft.com\Documentos\Proyectos\dbt_project.yml
[0m09:22:53.490005 [info ] [MainThread]: adapter type: snowflake
[0m09:22:53.490005 [info ] [MainThread]: adapter version: 1.8.3
[0m09:22:53.490005 [info ] [MainThread]: Configuration:
[0m09:22:53.490005 [info ] [MainThread]:   profiles.yml file [[32mOK found and valid[0m]
[0m09:22:53.490005 [info ] [MainThread]:   dbt_project.yml file [[31mERROR not found[0m]
[0m09:22:53.490005 [info ] [MainThread]: Required dependencies:
[0m09:22:53.490005 [debug] [MainThread]: Executing "git --help"
[0m09:22:53.618048 [debug] [MainThread]: STDOUT: "b"usage: git [-v | --version] [-h | --help] [-C <path>] [-c <name>=<value>]\n           [--exec-path[=<path>]] [--html-path] [--man-path] [--info-path]\n           [-p | --paginate | -P | --no-pager] [--no-replace-objects] [--no-lazy-fetch]\n           [--no-optional-locks] [--no-advice] [--bare] [--git-dir=<path>]\n           [--work-tree=<path>] [--namespace=<name>] [--config-env=<name>=<envvar>]\n           <command> [<args>]\n\nThese are common Git commands used in various situations:\n\nstart a working area (see also: git help tutorial)\n   clone     Clone a repository into a new directory\n   init      Create an empty Git repository or reinitialize an existing one\n\nwork on the current change (see also: git help everyday)\n   add       Add file contents to the index\n   mv        Move or rename a file, a directory, or a symlink\n   restore   Restore working tree files\n   rm        Remove files from the working tree and from the index\n\nexamine the history and state (see also: git help revisions)\n   bisect    Use binary search to find the commit that introduced a bug\n   diff      Show changes between commits, commit and working tree, etc\n   grep      Print lines matching a pattern\n   log       Show commit logs\n   show      Show various types of objects\n   status    Show the working tree status\n\ngrow, mark and tweak your common history\n   branch    List, create, or delete branches\n   commit    Record changes to the repository\n   merge     Join two or more development histories together\n   rebase    Reapply commits on top of another base tip\n   reset     Reset current HEAD to the specified state\n   switch    Switch branches\n   tag       Create, list, delete or verify a tag object signed with GPG\n\ncollaborate (see also: git help workflows)\n   fetch     Download objects and refs from another repository\n   pull      Fetch from and integrate with another repository or a local branch\n   push      Update remote refs along with associated objects\n\n'git help -a' and 'git help -g' list available subcommands and some\nconcept guides. See 'git help <command>' or 'git help <concept>'\nto read about a specific subcommand or concept.\nSee 'git help git' for an overview of the system.\n""
[0m09:22:53.618048 [debug] [MainThread]: STDERR: "b''"
[0m09:22:53.618048 [info ] [MainThread]:  - git [[32mOK found[0m]

[0m09:22:53.618048 [info ] [MainThread]: Connection:
[0m09:22:53.618048 [info ] [MainThread]:   account: XVZEMVY.IT44996
[0m09:22:53.618048 [info ] [MainThread]:   user: MANUELAGFAGGIANI
[0m09:22:53.618048 [info ] [MainThread]:   database: GARDEN_PLANTS
[0m09:22:53.618048 [info ] [MainThread]:   warehouse: COMPUTE_WH
[0m09:22:53.618048 [info ] [MainThread]:   role: SYSADMIN
[0m09:22:53.622732 [info ] [MainThread]:   schema: VEGGIES
[0m09:22:53.623777 [info ] [MainThread]:   authenticator: None
[0m09:22:53.623777 [info ] [MainThread]:   oauth_client_id: None
[0m09:22:53.624777 [info ] [MainThread]:   query_tag: None
[0m09:22:53.625778 [info ] [MainThread]:   client_session_keep_alive: False
[0m09:22:53.625778 [info ] [MainThread]:   host: None
[0m09:22:53.626817 [info ] [MainThread]:   port: None
[0m09:22:53.626817 [info ] [MainThread]:   proxy_host: None
[0m09:22:53.627794 [info ] [MainThread]:   proxy_port: None
[0m09:22:53.627794 [info ] [MainThread]:   protocol: None
[0m09:22:53.628748 [info ] [MainThread]:   connect_retries: 1
[0m09:22:53.628748 [info ] [MainThread]:   connect_timeout: None
[0m09:22:53.629765 [info ] [MainThread]:   retry_on_database_errors: False
[0m09:22:53.629765 [info ] [MainThread]:   retry_all: False
[0m09:22:53.630743 [info ] [MainThread]:   insecure_mode: False
[0m09:22:53.630743 [info ] [MainThread]:   reuse_connections: None
[0m09:22:53.631742 [info ] [MainThread]: Registered adapter: snowflake=1.8.3
[0m09:22:53.632740 [debug] [MainThread]: Acquiring new snowflake connection 'debug'
[0m09:22:53.632740 [debug] [MainThread]: Using snowflake connection "debug"
[0m09:22:53.632740 [debug] [MainThread]: On debug: select 1 as id
[0m09:22:53.633757 [debug] [MainThread]: Opening a new connection, currently in state init
[0m09:22:59.968746 [debug] [MainThread]: Snowflake adapter: Error running SQL: select 1 as id
[0m09:22:59.969602 [debug] [MainThread]: Snowflake adapter: Rolling back transaction.
[0m09:22:59.969602 [debug] [MainThread]: On debug: No close available on handle
[0m09:22:59.969602 [info ] [MainThread]:   Connection test: [[31mERROR[0m]

[0m09:22:59.969602 [info ] [MainThread]: [31m2 checks failed:[0m
[0m09:22:59.969602 [info ] [MainThread]: Project loading failed for the following reason:
 project path <C:\Users\manuela.garcia\OneDrive - civica-soft.com\Documentos\Proyectos\dbt_project.yml> not found

[0m09:22:59.969602 [info ] [MainThread]: dbt was unable to connect to the specified database.
The database returned the following error:

  >Database Error
  250001: Could not connect to Snowflake backend after 2 attempt(s).Aborting

Check your database credentials and try again. For more information, visit:
https://docs.getdbt.com/docs/configure-your-profile


[0m09:22:59.969602 [debug] [MainThread]: Command `dbt debug` failed at 09:22:59.969602 after 10.59 seconds
[0m09:22:59.969602 [debug] [MainThread]: Connection 'debug' was properly closed.
[0m09:22:59.969602 [debug] [MainThread]: Sending event: {'category': 'dbt', 'action': 'invocation', 'label': 'end', 'context': [<snowplow_tracker.self_describing_json.SelfDescribingJson object at 0x000001B73BC597F0>, <snowplow_tracker.self_describing_json.SelfDescribingJson object at 0x000001B75586DB20>, <snowplow_tracker.self_describing_json.SelfDescribingJson object at 0x000001B754570B30>]}
[0m09:22:59.969602 [debug] [MainThread]: Flushing usage events
[0m09:25:09.295543 [debug] [MainThread]: Sending event: {'category': 'dbt', 'action': 'invocation', 'label': 'start', 'context': [<snowplow_tracker.self_describing_json.SelfDescribingJson object at 0x0000022893FF62D0>, <snowplow_tracker.self_describing_json.SelfDescribingJson object at 0x0000022896CF54C0>, <snowplow_tracker.self_describing_json.SelfDescribingJson object at 0x0000022896CF4140>]}


============================== 09:25:09.295543 | dcaacfd9-b835-4d50-b316-ae6f7885ed71 ==============================
[0m09:25:09.295543 [info ] [MainThread]: Running with dbt=1.8.6
[0m09:25:09.309051 [debug] [MainThread]: running dbt with arguments {'printer_width': '80', 'indirect_selection': 'eager', 'write_json': 'True', 'log_cache_events': 'False', 'partial_parse': 'True', 'cache_selected_only': 'False', 'profiles_dir': 'C:\\Users\\manuela.garcia\\.dbt', 'debug': 'False', 'fail_fast': 'False', 'log_path': 'logs', 'warn_error': 'None', 'version_check': 'True', 'use_colors': 'True', 'use_experimental_parser': 'False', 'empty': 'None', 'quiet': 'False', 'no_print': 'None', 'log_format': 'default', 'invocation_command': 'dbt debug', 'static_parser': 'True', 'introspect': 'True', 'target_path': 'None', 'warn_error_options': 'WarnErrorOptions(include=[], exclude=[])', 'send_anonymous_usage_stats': 'True'}
[0m09:25:09.378392 [info ] [MainThread]: dbt version: 1.8.6
[0m09:25:09.378392 [info ] [MainThread]: python version: 3.12.5
[0m09:25:09.378392 [info ] [MainThread]: python path: C:\Users\manuela.garcia\OneDrive - civica-soft.com\Documentos\Proyectos\dbt-env\scripts\python.exe
[0m09:25:09.378392 [info ] [MainThread]: os info: Windows-11-10.0.22631-SP0
[0m09:25:11.974798 [info ] [MainThread]: Using profiles dir at C:\Users\manuela.garcia\.dbt
[0m09:25:11.990432 [info ] [MainThread]: Using profiles.yml file at C:\Users\manuela.garcia\.dbt\profiles.yml
[0m09:25:11.990432 [info ] [MainThread]: Using dbt_project.yml file at C:\Users\manuela.garcia\OneDrive - civica-soft.com\Documentos\Proyectos\dbt_project.yml
[0m09:25:11.990432 [info ] [MainThread]: adapter type: snowflake
[0m09:25:11.990432 [info ] [MainThread]: adapter version: 1.8.3
[0m09:25:11.990432 [info ] [MainThread]: Configuration:
[0m09:25:11.996384 [info ] [MainThread]:   profiles.yml file [[32mOK found and valid[0m]
[0m09:25:11.996384 [info ] [MainThread]:   dbt_project.yml file [[31mERROR not found[0m]
[0m09:25:11.997388 [info ] [MainThread]: Required dependencies:
[0m09:25:11.997388 [debug] [MainThread]: Executing "git --help"
[0m09:25:12.100710 [debug] [MainThread]: STDOUT: "b"usage: git [-v | --version] [-h | --help] [-C <path>] [-c <name>=<value>]\n           [--exec-path[=<path>]] [--html-path] [--man-path] [--info-path]\n           [-p | --paginate | -P | --no-pager] [--no-replace-objects] [--no-lazy-fetch]\n           [--no-optional-locks] [--no-advice] [--bare] [--git-dir=<path>]\n           [--work-tree=<path>] [--namespace=<name>] [--config-env=<name>=<envvar>]\n           <command> [<args>]\n\nThese are common Git commands used in various situations:\n\nstart a working area (see also: git help tutorial)\n   clone     Clone a repository into a new directory\n   init      Create an empty Git repository or reinitialize an existing one\n\nwork on the current change (see also: git help everyday)\n   add       Add file contents to the index\n   mv        Move or rename a file, a directory, or a symlink\n   restore   Restore working tree files\n   rm        Remove files from the working tree and from the index\n\nexamine the history and state (see also: git help revisions)\n   bisect    Use binary search to find the commit that introduced a bug\n   diff      Show changes between commits, commit and working tree, etc\n   grep      Print lines matching a pattern\n   log       Show commit logs\n   show      Show various types of objects\n   status    Show the working tree status\n\ngrow, mark and tweak your common history\n   branch    List, create, or delete branches\n   commit    Record changes to the repository\n   merge     Join two or more development histories together\n   rebase    Reapply commits on top of another base tip\n   reset     Reset current HEAD to the specified state\n   switch    Switch branches\n   tag       Create, list, delete or verify a tag object signed with GPG\n\ncollaborate (see also: git help workflows)\n   fetch     Download objects and refs from another repository\n   pull      Fetch from and integrate with another repository or a local branch\n   push      Update remote refs along with associated objects\n\n'git help -a' and 'git help -g' list available subcommands and some\nconcept guides. See 'git help <command>' or 'git help <concept>'\nto read about a specific subcommand or concept.\nSee 'git help git' for an overview of the system.\n""
[0m09:25:12.100710 [debug] [MainThread]: STDERR: "b''"
[0m09:25:12.101717 [info ] [MainThread]:  - git [[32mOK found[0m]

[0m09:25:12.101717 [info ] [MainThread]: Connection:
[0m09:25:12.102715 [info ] [MainThread]:   account: XVZEMVY.IT44996
[0m09:25:12.102715 [info ] [MainThread]:   user: MANUELAGFAGGIANI
[0m09:25:12.103715 [info ] [MainThread]:   database: GARDEN_PLANTS
[0m09:25:12.103715 [info ] [MainThread]:   warehouse: COMPUTE_WH
[0m09:25:12.104715 [info ] [MainThread]:   role: SYSADMIN
[0m09:25:12.104715 [info ] [MainThread]:   schema: VEGGIES
[0m09:25:12.105715 [info ] [MainThread]:   authenticator: None
[0m09:25:12.105715 [info ] [MainThread]:   oauth_client_id: None
[0m09:25:12.106714 [info ] [MainThread]:   query_tag: None
[0m09:25:12.106714 [info ] [MainThread]:   client_session_keep_alive: False
[0m09:25:12.107570 [info ] [MainThread]:   host: None
[0m09:25:12.107570 [info ] [MainThread]:   port: None
[0m09:25:12.108621 [info ] [MainThread]:   proxy_host: None
[0m09:25:12.108621 [info ] [MainThread]:   proxy_port: None
[0m09:25:12.109592 [info ] [MainThread]:   protocol: None
[0m09:25:12.109592 [info ] [MainThread]:   connect_retries: 1
[0m09:25:12.110619 [info ] [MainThread]:   connect_timeout: None
[0m09:25:12.110619 [info ] [MainThread]:   retry_on_database_errors: False
[0m09:25:12.111584 [info ] [MainThread]:   retry_all: False
[0m09:25:12.111584 [info ] [MainThread]:   insecure_mode: False
[0m09:25:12.111584 [info ] [MainThread]:   reuse_connections: None
[0m09:25:12.112581 [info ] [MainThread]: Registered adapter: snowflake=1.8.3
[0m09:25:12.113583 [debug] [MainThread]: Acquiring new snowflake connection 'debug'
[0m09:25:12.113583 [debug] [MainThread]: Using snowflake connection "debug"
[0m09:25:12.114589 [debug] [MainThread]: On debug: select 1 as id
[0m09:25:12.114589 [debug] [MainThread]: Opening a new connection, currently in state init
[0m09:25:18.232909 [debug] [MainThread]: Snowflake adapter: Error running SQL: select 1 as id
[0m09:25:18.232909 [debug] [MainThread]: Snowflake adapter: Rolling back transaction.
[0m09:25:18.232909 [debug] [MainThread]: On debug: No close available on handle
[0m09:25:18.232909 [info ] [MainThread]:   Connection test: [[31mERROR[0m]

[0m09:25:18.232909 [info ] [MainThread]: [31m2 checks failed:[0m
[0m09:25:18.232909 [info ] [MainThread]: Project loading failed for the following reason:
 project path <C:\Users\manuela.garcia\OneDrive - civica-soft.com\Documentos\Proyectos\dbt_project.yml> not found

[0m09:25:18.232909 [info ] [MainThread]: dbt was unable to connect to the specified database.
The database returned the following error:

  >Database Error
  250001: Could not connect to Snowflake backend after 2 attempt(s).Aborting

Check your database credentials and try again. For more information, visit:
https://docs.getdbt.com/docs/configure-your-profile


[0m09:25:18.232909 [debug] [MainThread]: Command `dbt debug` failed at 09:25:18.232909 after 9.47 seconds
[0m09:25:18.232909 [debug] [MainThread]: Connection 'debug' was properly closed.
[0m09:25:18.232909 [debug] [MainThread]: Sending event: {'category': 'dbt', 'action': 'invocation', 'label': 'end', 'context': [<snowplow_tracker.self_describing_json.SelfDescribingJson object at 0x00000228969F3B00>, <snowplow_tracker.self_describing_json.SelfDescribingJson object at 0x00000228AF587C80>, <snowplow_tracker.self_describing_json.SelfDescribingJson object at 0x00000228AF438F50>]}
[0m09:25:18.232909 [debug] [MainThread]: Flushing usage events
